  Keyboard.cpp
  Mouse.cpp
  Cube.cpp
  Camera.cpp
  CameraDynamicCubeMap.cpp
  CameraFP.cpp
  d3dUtil.cpp
  DDSTextureLoader.cpp
  GameTimer.cpp
  GeometryGenerator.cpp
  MathHelper.cpp
  CubeRenderTarget.cpp
  DX12App.cpp
  FrameResource.cpp
  Game.cpp
  GameObject.cpp
  GeoShapeManager.cpp
  ImGuiManager.cpp
  imgui.cpp
  imgui_demo.cpp
  コンパイル中...
  imgui_draw.cpp
  imgui_impl_dx12.cpp
  imgui_impl_win32.cpp
  imgui_widgets.cpp
  InputManager.cpp
  Logo.cpp
  Manager.cpp
  MaterialManager.cpp
  MeshField.cpp
  Renderer.cpp
  Scene.cpp
  ShaderManager.cpp
  Sky.cpp
  Sphere.cpp
  SphereDR.cpp
  TextureManager.cpp
  コード生成しています。
  4777 of 4807 functions (99.4%) were compiled, the rest were copied from previous compilation.
    102 functions were new in current compilation
    0 functions had inline decision re-evaluated but remain unchanged
  コード生成が終了しました。
  DX12.vcxproj -> C:\Users\XUWENJIE\Documents\HAL\GM31\DX12\x64\Release\DX12.exe
