d:\hal\gm31\dx12\x64\debug\vc141.pdb
d:\hal\gm31\dx12\x64\debug\vc141.idb
d:\hal\gm31\dx12\x64\debug\imgui_demo.obj
d:\hal\gm31\dx12\x64\debug\imgui.obj
d:\hal\gm31\dx12\x64\debug\imguimanager.obj
d:\hal\gm31\dx12\x64\debug\geoshapemanager.obj
d:\hal\gm31\dx12\x64\debug\gameobject.obj
d:\hal\gm31\dx12\x64\debug\game.obj
d:\hal\gm31\dx12\x64\debug\frameresource.obj
d:\hal\gm31\dx12\x64\debug\dx12app.obj
d:\hal\gm31\dx12\x64\debug\cuberendertarget.obj
d:\hal\gm31\dx12\x64\debug\cube.obj
d:\hal\gm31\dx12\x64\debug\d3dutil.obj
d:\hal\gm31\dx12\x64\debug\mouse.obj
d:\hal\gm31\dx12\x64\debug\mathhelper.obj
d:\hal\gm31\dx12\x64\debug\keyboard.obj
d:\hal\gm31\dx12\x64\debug\geometrygenerator.obj
d:\hal\gm31\dx12\x64\debug\gametimer.obj
d:\hal\gm31\dx12\x64\debug\ddstextureloader.obj
d:\hal\gm31\dx12\x64\debug\camerafp.obj
d:\hal\gm31\dx12\x64\debug\cameradynamiccubemap.obj
d:\hal\gm31\dx12\x64\debug\camera.obj
d:\hal\gm31\dx12\x64\debug\texturemanager.obj
d:\hal\gm31\dx12\x64\debug\spheredr.obj
d:\hal\gm31\dx12\x64\debug\sphere.obj
d:\hal\gm31\dx12\x64\debug\sky.obj
d:\hal\gm31\dx12\x64\debug\shadermanager.obj
d:\hal\gm31\dx12\x64\debug\scene.obj
d:\hal\gm31\dx12\x64\debug\renderer.obj
d:\hal\gm31\dx12\x64\debug\meshfield.obj
d:\hal\gm31\dx12\x64\debug\materialmanager.obj
d:\hal\gm31\dx12\x64\debug\manager.obj
d:\hal\gm31\dx12\x64\debug\logo.obj
d:\hal\gm31\dx12\x64\debug\inputmanager.obj
d:\hal\gm31\dx12\x64\debug\imgui_widgets.obj
d:\hal\gm31\dx12\x64\debug\imgui_impl_win32.obj
d:\hal\gm31\dx12\x64\debug\imgui_impl_dx12.obj
d:\hal\gm31\dx12\x64\debug\imgui_draw.obj
d:\hal\gm31\dx12\x64\debug\shadowmap.obj
d:\hal\gm31\dx12\x64\debug\light.obj
d:\hal\gm31\dx12\x64\debug\directionallight.obj
d:\hal\gm31\dx12\x64\debug\quad.obj
d:\hal\gm31\dx12\x64\debug\quadndc.obj
d:\hal\gm31\dx12\x64\debug\dx12.exe
d:\hal\gm31\dx12\x64\debug\dx12.ilk
d:\hal\gm31\dx12\x64\debug\dx12.pdb
d:\hal\gm31\dx12\x64\debug\input.obj
d:\hal\gm31\dx12\x64\debug\dx12.tlog\cl.command.1.tlog
d:\hal\gm31\dx12\x64\debug\dx12.tlog\cl.read.1.tlog
d:\hal\gm31\dx12\x64\debug\dx12.tlog\cl.write.1.tlog
d:\hal\gm31\dx12\x64\debug\dx12.tlog\link.command.1.tlog
d:\hal\gm31\dx12\x64\debug\dx12.tlog\link.read.1.tlog
d:\hal\gm31\dx12\x64\debug\dx12.tlog\link.write.1.tlog
